<?xml version="1.0" encoding="UTF-8"?>
<!-- Generated by org.testng.reporters.JUnitReportReporter -->
<testsuite hostname="SAEEDs-MacBook-Pro.local" failures="0" tests="3" name="testng.dataprovider" time="0.012" errors="0" timestamp="2023-03-17T22:51:13 IST" skipped="0">
  <testcase classname="testng.dataprovider" name="addproduct" time="0.001"/>
  <system-out/>
  <testcase classname="testng.dataprovider" name="addproduct" time="0.010"/>
  <system-out/>
  <testcase classname="testng.dataprovider" name="addproduct" time="0.001"/>
  <system-out/>
</testsuite> <!-- testng.dataprovider -->
