<?xml version="1.0" encoding="UTF-8"?>
<!-- Generated by org.testng.reporters.JUnitReportReporter -->
<testsuite hostname="SAEEDs-MacBook-Pro.local" failures="0" tests="1" name="vtiger.OrganizationTests.createorgTest" time="7.451" errors="0" timestamp="2023-03-19T00:23:28 IST" skipped="0">
  <testcase classname="vtiger.OrganizationTests.createorgTest" name="createorgTest" time="7.451"/>
  <system-out>
    <![CDATA[Create Organization look Up Image succesful
Create Organization with Mandatory fields succesful]]>
  </system-out>
</testsuite> <!-- vtiger.OrganizationTests.createorgTest -->
