<?xml version="1.0" encoding="UTF-8"?>
<!-- Generated by org.testng.reporters.JUnitReportReporter -->
<testsuite hostname="SAEEDs-MacBook-Pro.local" failures="0" tests="1" name="practice.Readdatacommandfromline" time="0.007" errors="0" timestamp="2023-03-20T12:43:17 IST" skipped="0">
  <testcase classname="practice.Readdatacommandfromline" name="Readdata" time="0.007"/>
  <system-out/>
</testsuite> <!-- practice.Readdatacommandfromline -->
