<?xml version="1.0" encoding="UTF-8"?>
<!-- Generated by org.testng.reporters.JUnitReportReporter -->
<testsuite hostname="SAEEDs-MacBook-Pro.local" failures="0" tests="3" name="vtiger.ContactTests.createcontacts" time="12.957" errors="0" timestamp="2023-03-29T22:06:51 IST" skipped="0">
  <testcase classname="vtiger.ContactTests.createcontacts" name="regional" time="3.578"/>
  <system-out/>
  <testcase classname="vtiger.ContactTests.createcontacts" name="createcontactsTest" time="6.209"/>
  <system-out/>
  <testcase classname="vtiger.ContactTests.createcontacts" name="demoscript" time="3.170"/>
  <system-out/>
</testsuite> <!-- vtiger.ContactTests.createcontacts -->
