<?xml version="1.0" encoding="UTF-8"?>
<!-- Generated by org.testng.reporters.JUnitReportReporter -->
<testsuite hostname="SAEEDs-MacBook-Pro.local" failures="0" tests="1" name="vtiger.ContactTests.createcontactsTest" time="12.524" errors="0" timestamp="2023-03-29T23:30:26 IST" skipped="0">
  <testcase classname="vtiger.ContactTests.createcontactsTest" name="createcontactTest" time="12.524"/>
  <system-out/>
</testsuite> <!-- vtiger.ContactTests.createcontactsTest -->
