<?xml version="1.0" encoding="UTF-8"?>
<!-- Generated by org.testng.reporters.JUnitReportReporter -->
<testsuite hostname="SAEEDs-MacBook-Pro.local" failures="0" tests="1" name="vtiger.ContactTests.createcontactsTest" time="10.533" errors="0" timestamp="2023-03-07T14:54:12 IST" skipped="0">
  <testcase classname="vtiger.ContactTests.createcontactsTest" name="createcontactTest" time="10.533"/>
  <system-out/>
</testsuite> <!-- vtiger.ContactTests.createcontactsTest -->
