<?xml version="1.0" encoding="UTF-8"?>
<!-- Generated by org.testng.reporters.JUnitReportReporter -->
<testsuite hostname="SAEEDs-MacBook-Pro.local" failures="0" tests="3" name="vtiger.ContactTests.createcontacts" time="13.794" errors="0" timestamp="2023-03-29T22:57:58 IST" skipped="0">
  <testcase classname="vtiger.ContactTests.createcontacts" name="regional" time="3.296"/>
  <system-out/>
  <testcase classname="vtiger.ContactTests.createcontacts" name="createcontactsTest" time="7.411"/>
  <system-out/>
  <testcase classname="vtiger.ContactTests.createcontacts" name="demoscript" time="3.087"/>
  <system-out/>
</testsuite> <!-- vtiger.ContactTests.createcontacts -->
