<?xml version="1.0" encoding="UTF-8"?>
<!-- Generated by org.testng.reporters.JUnitReportReporter -->
<testsuite hostname="SAEEDs-MacBook-Pro.local" failures="0" tests="1" name="vtiger.OrganizationTests.organizusingdataprovider" time="0.000" errors="0" timestamp="2023-03-09T15:16:30 IST" skipped="1">
  <testcase classname="vtiger.OrganizationTests.organizusingdataprovider" name="createMultipleOrgTest" time="0.000">
    <skipped/>
  </testcase> <!-- createMultipleOrgTest -->
  <system-out/>
</testsuite> <!-- vtiger.OrganizationTests.organizusingdataprovider -->
