<?xml version="1.0" encoding="UTF-8"?>
<!-- Generated by org.testng.reporters.JUnitReportReporter -->
<testsuite hostname="SAEEDs-MacBook-Pro.local" failures="0" tests="2" name="testng.sampleTeastng" time="0.005" errors="0" timestamp="2023-03-06T20:32:05 IST" skipped="1">
  <testcase classname="testng.sampleTeastng" name="sample" time="0.005"/>
  <system-out/>
  <testcase classname="testng.sampleTeastng" name="sampleScript">
    <skipped/>
  </testcase> <!-- sampleScript -->
  <system-out/>
</testsuite> <!-- testng.sampleTeastng -->
